<?xml version="1.0" encoding="UTF-8"?>
<!-- Generated by org.testng.reporters.JUnitReportReporter -->
<testsuite skipped="0" hostname="INMAAWN53000190" name="com.testcases.SignInPageTests" tests="2" failures="0" timestamp="16 Oct 2019 16:35:57 GMT" time="69.966" errors="0">
  <testcase name="validateErrorMessageOnLoginSignInPage" time="40.838" classname="com.testcases.SignInPageTests"/>
  <testcase name="validateErrorMessageOnLoginSignInPage" time="29.128" classname="com.testcases.SignInPageTests"/>
</testsuite> <!-- com.testcases.SignInPageTests -->
